

================================================================
== Vivado HLS Report for 'krnl_vadd_entry42'
================================================================
* Date:           Tue Apr 19 22:13:57 2022

* Version:        2020.1 (Build 2897737 on Wed May 27 20:21:37 MDT 2020)
* Project:        lab5_vadd_dma_azaz
* Solution:       solution1
* Product family: zynq
* Target device:  xc7z020-clg400-1


================================================================
== Performance Estimates
================================================================
+ Timing: 
    * Summary: 
    +--------+----------+----------+------------+
    |  Clock |  Target  | Estimated| Uncertainty|
    +--------+----------+----------+------------+
    |ap_clk  | 10.00 ns | 3.634 ns |   1.25 ns  |
    +--------+----------+----------+------------+

+ Latency: 
    * Summary: 
    +---------+---------+----------+----------+-----+-----+---------+
    |  Latency (cycles) |  Latency (absolute) |  Interval | Pipeline|
    |   min   |   max   |    min   |    max   | min | max |   Type  |
    +---------+---------+----------+----------+-----+-----+---------+
    |        0|        0|   0 ns   |   0 ns   |    0|    0|   none  |
    +---------+---------+----------+----------+-----+-----+---------+

    + Detail: 
        * Instance: 
        N/A

        * Loop: 
        N/A



================================================================
== Utilization Estimates
================================================================
* Summary: 
+-----------------+---------+-------+--------+-------+-----+
|       Name      | BRAM_18K| DSP48E|   FF   |  LUT  | URAM|
+-----------------+---------+-------+--------+-------+-----+
|DSP              |        -|      -|       -|      -|    -|
|Expression       |        -|      -|       0|      2|    -|
|FIFO             |        -|      -|       -|      -|    -|
|Instance         |        -|      -|       -|      -|    -|
|Memory           |        -|      -|       -|      -|    -|
|Multiplexer      |        -|      -|       -|     45|    -|
|Register         |        -|      -|       3|      -|    -|
+-----------------+---------+-------+--------+-------+-----+
|Total            |        0|      0|       3|     47|    0|
+-----------------+---------+-------+--------+-------+-----+
|Available        |      280|    220|  106400|  53200|    0|
+-----------------+---------+-------+--------+-------+-----+
|Utilization (%)  |        0|      0|   ~0   |   ~0  |    0|
+-----------------+---------+-------+--------+-------+-----+

+ Detail: 
    * Instance: 
    N/A

    * DSP48E: 
    N/A

    * Memory: 
    N/A

    * FIFO: 
    N/A

    * Expression: 
    +-----------------+----------+-------+---+----+------------+------------+
    |  Variable Name  | Operation| DSP48E| FF| LUT| Bitwidth P0| Bitwidth P1|
    +-----------------+----------+-------+---+----+------------+------------+
    |ap_block_state1  |    or    |      0|  0|   2|           1|           1|
    +-----------------+----------+-------+---+----+------------+------------+
    |Total            |          |      0|  0|   2|           1|           1|
    +-----------------+----------+-------+---+----+------------+------------+

    * Multiplexer: 
    +-----------------+----+-----------+-----+-----------+
    |       Name      | LUT| Input Size| Bits| Total Bits|
    +-----------------+----+-----------+-----+-----------+
    |a_out_blk_n      |   9|          2|    1|          2|
    |ap_done          |   9|          2|    1|          2|
    |real_start       |   9|          2|    1|          2|
    |size_out1_blk_n  |   9|          2|    1|          2|
    |size_out_blk_n   |   9|          2|    1|          2|
    +-----------------+----+-----------+-----+-----------+
    |Total            |  45|         10|    5|         10|
    +-----------------+----+-----------+-----+-----------+

    * Register: 
    +----------------+---+----+-----+-----------+
    |      Name      | FF| LUT| Bits| Const Bits|
    +----------------+---+----+-----+-----------+
    |ap_CS_fsm       |  1|   0|    1|          0|
    |ap_done_reg     |  1|   0|    1|          0|
    |start_once_reg  |  1|   0|    1|          0|
    +----------------+---+----+-----+-----------+
    |Total           |  3|   0|    3|          0|
    +----------------+---+----+-----+-----------+



================================================================
== Interface
================================================================
* Summary: 
+------------------+-----+-----+------------+-------------------+--------------+
|     RTL Ports    | Dir | Bits|  Protocol  |   Source Object   |    C Type    |
+------------------+-----+-----+------------+-------------------+--------------+
|ap_clk            |  in |    1| ap_ctrl_hs | krnl_vadd.entry42 | return value |
|ap_rst            |  in |    1| ap_ctrl_hs | krnl_vadd.entry42 | return value |
|ap_start          |  in |    1| ap_ctrl_hs | krnl_vadd.entry42 | return value |
|start_full_n      |  in |    1| ap_ctrl_hs | krnl_vadd.entry42 | return value |
|ap_done           | out |    1| ap_ctrl_hs | krnl_vadd.entry42 | return value |
|ap_continue       |  in |    1| ap_ctrl_hs | krnl_vadd.entry42 | return value |
|ap_idle           | out |    1| ap_ctrl_hs | krnl_vadd.entry42 | return value |
|ap_ready          | out |    1| ap_ctrl_hs | krnl_vadd.entry42 | return value |
|start_out         | out |    1| ap_ctrl_hs | krnl_vadd.entry42 | return value |
|start_write       | out |    1| ap_ctrl_hs | krnl_vadd.entry42 | return value |
|a                 |  in |   32|   ap_none  |         a         |    scalar    |
|size              |  in |   32|   ap_none  |        size       |    scalar    |
|a_out_din         | out |   32|   ap_fifo  |       a_out       |    pointer   |
|a_out_full_n      |  in |    1|   ap_fifo  |       a_out       |    pointer   |
|a_out_write       | out |    1|   ap_fifo  |       a_out       |    pointer   |
|size_out_din      | out |   32|   ap_fifo  |      size_out     |    pointer   |
|size_out_full_n   |  in |    1|   ap_fifo  |      size_out     |    pointer   |
|size_out_write    | out |    1|   ap_fifo  |      size_out     |    pointer   |
|size_out1_din     | out |   32|   ap_fifo  |     size_out1     |    pointer   |
|size_out1_full_n  |  in |    1|   ap_fifo  |     size_out1     |    pointer   |
|size_out1_write   | out |    1|   ap_fifo  |     size_out1     |    pointer   |
+------------------+-----+-----+------------+-------------------+--------------+

