

================================================================
== Vivado HLS Report for 'compute_add'
================================================================
* Date:           Tue Apr 19 22:13:57 2022

* Version:        2020.1 (Build 2897737 on Wed May 27 20:21:37 MDT 2020)
* Project:        lab5_vadd_dma_azaz
* Solution:       solution1
* Product family: zynq
* Target device:  xc7z020-clg400-1


================================================================
== Performance Estimates
================================================================
+ Timing: 
    * Summary: 
    +--------+----------+----------+------------+
    |  Clock |  Target  | Estimated| Uncertainty|
    +--------+----------+----------+------------+
    |ap_clk  | 10.00 ns | 7.268 ns |   1.25 ns  |
    +--------+----------+----------+------------+

+ Latency: 
    * Summary: 
    +---------+---------+-----------+-----------+------+------+---------+
    |  Latency (cycles) |   Latency (absolute)  |   Interval  | Pipeline|
    |   min   |   max   |    min    |    max    |  min |  max |   Type  |
    +---------+---------+-----------+-----------+------+------+---------+
    |     4108|     4108| 41.080 us | 41.080 us |  4108|  4108|   none  |
    +---------+---------+-----------+-----------+------+------+---------+

    + Detail: 
        * Instance: 
        N/A

        * Loop: 
        +-----------+---------+---------+----------+-----------+-----------+------+----------+
        |           |  Latency (cycles) | Iteration|  Initiation Interval  | Trip |          |
        | Loop Name |   min   |   max   |  Latency |  achieved |   target  | Count| Pipelined|
        +-----------+---------+---------+----------+-----------+-----------+------+----------+
        |- execute  |     4106|     4106|        12|          1|          1|  4096|    yes   |
        +-----------+---------+---------+----------+-----------+-----------+------+----------+

============================================================
+ Verbose Summary: Synthesis Manager
============================================================
InlineROM: 1
ExposeGlobal: 0
============================================================
+ Verbose Summary: CDFG Model
============================================================
IsTopModel: 0
ResetActiveHigh: 1
IsCombinational: 2
IsDatapathOnly: 0
HasWiredReturn: 1
HasMFsm: 0
HasVarLatency: 1
IsPipeline: 0
IsRtlPipelined: 0
IsInstanceOverlapped: 0
IsDontTouch: 0
HasImplIP: 0
IsGatedGlobalClock: 0

+ Individual pipeline summary: 
  * Pipeline-0: initiation interval (II) = 1, depth = 12


============================================================
+ Verbose Summary: Schedule
============================================================
* Number of FSM states : 14
* Pipeline : 1
  Pipeline-0 : II = 1, D = 12, States = { 2 3 4 5 6 7 8 9 10 11 12 13 }
* Dataflow Pipeline: 0

* FSM state transitions: 
1 --> 2 
2 --> 14 3 
3 --> 4 
4 --> 5 
5 --> 6 
6 --> 7 
7 --> 8 
8 --> 9 
9 --> 10 
10 --> 11 
11 --> 12 
12 --> 13 
13 --> 2 
14 --> 

* FSM state operations: 

State 1 <SV = 0> <Delay = 7.26>
ST_1 : Operation 15 [1/1] (0.00ns)   --->   "call void (...)* @_ssdm_op_SpecInterface(float* @in1_stream_V, [8 x i8]* @ap_fifo_str, i32 0, i32 0, [1 x i8]* @p_str36, i32 0, i32 0, [1 x i8]* @p_str37, [1 x i8]* @p_str38, [1 x i8]* @p_str39, i32 2, i32 2, i32 16, i32 16, [1 x i8]* @p_str40, [1 x i8]* @p_str41)"   --->   Operation 15 'specinterface' <Predicate = true> <Delay = 0.00>
ST_1 : Operation 16 [1/1] (0.00ns)   --->   "call void (...)* @_ssdm_op_SpecInterface(float* @in2_stream_V, [8 x i8]* @ap_fifo_str, i32 0, i32 0, [1 x i8]* @p_str29, i32 0, i32 0, [1 x i8]* @p_str30, [1 x i8]* @p_str31, [1 x i8]* @p_str32, i32 2, i32 2, i32 16, i32 16, [1 x i8]* @p_str33, [1 x i8]* @p_str34)"   --->   Operation 16 'specinterface' <Predicate = true> <Delay = 0.00>
ST_1 : Operation 17 [1/1] (0.00ns)   --->   "call void (...)* @_ssdm_op_SpecInterface(float* @out_stream_V, [8 x i8]* @ap_fifo_str, i32 0, i32 0, [1 x i8]* @p_str22, i32 0, i32 0, [1 x i8]* @p_str23, [1 x i8]* @p_str24, [1 x i8]* @p_str25, i32 2, i32 2, i32 16, i32 16, [1 x i8]* @p_str26, [1 x i8]* @p_str27)"   --->   Operation 17 'specinterface' <Predicate = true> <Delay = 0.00>
ST_1 : Operation 18 [1/1] (0.00ns)   --->   "call void (...)* @_ssdm_op_SpecInterface(i32* %size, [8 x i8]* @ap_fifo_str, i32 0, i32 0, [1 x i8]* @p_str110, i32 0, i32 0, [1 x i8]* @p_str111, [1 x i8]* @p_str112, [1 x i8]* @p_str113, i32 2, i32 2, i32 16, i32 16, [1 x i8]* @p_str114, [11 x i8]* @ScalarProp_str)"   --->   Operation 18 'specinterface' <Predicate = true> <Delay = 0.00>
ST_1 : Operation 19 [1/1] (0.00ns)   --->   "call void (...)* @_ssdm_op_SpecInterface(float* %a, [8 x i8]* @ap_fifo_str, i32 0, i32 0, [1 x i8]* @p_str105, i32 0, i32 0, [1 x i8]* @p_str106, [1 x i8]* @p_str107, [1 x i8]* @p_str108, i32 2, i32 2, i32 16, i32 16, [1 x i8]* @p_str109, [11 x i8]* @ScalarProp_str)"   --->   Operation 19 'specinterface' <Predicate = true> <Delay = 0.00>
ST_1 : Operation 20 [1/1] (3.63ns)   --->   "%a_read = call float @_ssdm_op_Read.ap_fifo.floatP(float* %a) nounwind" [lab5_vadd_dma_azaz/vadd_dma.cpp:19]   --->   Operation 20 'read' 'a_read' <Predicate = true> <Delay = 3.63> <Core = "FIFO">   --->   Core 32 'FIFO' <Latency = 0> <II = 1> <Delay = 3.63> <Storage> <Opcode : 'read' 'write' 'nbread' 'nbwrite'> <Ports = 0> <Width = 32> <Depth = 2> <FIFO>
ST_1 : Operation 21 [1/1] (3.63ns)   --->   "%size_read = call i32 @_ssdm_op_Read.ap_fifo.i32P(i32* %size) nounwind" [lab5_vadd_dma_azaz/vadd_dma.cpp:21]   --->   Operation 21 'read' 'size_read' <Predicate = true> <Delay = 3.63> <Core = "FIFO">   --->   Core 32 'FIFO' <Latency = 0> <II = 1> <Delay = 3.63> <Storage> <Opcode : 'read' 'write' 'nbread' 'nbwrite'> <Ports = 0> <Width = 32> <Depth = 2> <FIFO>
ST_1 : Operation 22 [1/1] (0.00ns)   --->   "call void (...)* @_ssdm_op_SpecInterface(i32* %size_out, [8 x i8]* @ap_fifo_str, i32 0, i32 0, [1 x i8]* @p_str115, i32 0, i32 0, [1 x i8]* @p_str116, [1 x i8]* @p_str117, [1 x i8]* @p_str118, i32 2, i32 2, i32 16, i32 16, [1 x i8]* @p_str119, [11 x i8]* @ScalarProp_str)"   --->   Operation 22 'specinterface' <Predicate = true> <Delay = 0.00>
ST_1 : Operation 23 [1/1] (3.63ns)   --->   "call void @_ssdm_op_Write.ap_fifo.i32P(i32* %size_out, i32 %size_read) nounwind" [lab5_vadd_dma_azaz/vadd_dma.cpp:60]   --->   Operation 23 'write' <Predicate = true> <Delay = 3.63> <Core = "FIFO">   --->   Core 32 'FIFO' <Latency = 0> <II = 1> <Delay = 3.63> <Storage> <Opcode : 'read' 'write' 'nbread' 'nbwrite'> <Ports = 0> <Width = 32> <Depth = 2> <FIFO>
ST_1 : Operation 24 [1/1] (0.00ns)   --->   "call void (...)* @_ssdm_op_SpecInterface(float* @in1_stream_V, [8 x i8]* @ap_fifo_str, i32 0, i32 0, [1 x i8]* @p_str36, i32 0, i32 0, [1 x i8]* @p_str37, [1 x i8]* @p_str38, [1 x i8]* @p_str39, i32 2, i32 2, i32 16, i32 16, [1 x i8]* @p_str40, [1 x i8]* @p_str41) nounwind"   --->   Operation 24 'specinterface' <Predicate = true> <Delay = 0.00>
ST_1 : Operation 25 [1/1] (0.00ns)   --->   "call void (...)* @_ssdm_op_SpecInterface(float* @in2_stream_V, [8 x i8]* @ap_fifo_str, i32 0, i32 0, [1 x i8]* @p_str29, i32 0, i32 0, [1 x i8]* @p_str30, [1 x i8]* @p_str31, [1 x i8]* @p_str32, i32 2, i32 2, i32 16, i32 16, [1 x i8]* @p_str33, [1 x i8]* @p_str34) nounwind"   --->   Operation 25 'specinterface' <Predicate = true> <Delay = 0.00>
ST_1 : Operation 26 [1/1] (0.00ns)   --->   "call void (...)* @_ssdm_op_SpecInterface(float* @out_stream_V, [8 x i8]* @ap_fifo_str, i32 0, i32 0, [1 x i8]* @p_str22, i32 0, i32 0, [1 x i8]* @p_str23, [1 x i8]* @p_str24, [1 x i8]* @p_str25, i32 2, i32 2, i32 16, i32 16, [1 x i8]* @p_str26, [1 x i8]* @p_str27) nounwind"   --->   Operation 26 'specinterface' <Predicate = true> <Delay = 0.00>
ST_1 : Operation 27 [1/1] (1.76ns)   --->   "br label %0" [lab5_vadd_dma_azaz/vadd_dma.cpp:25->lab5_vadd_dma_azaz/vadd_dma.cpp:60]   --->   Operation 27 'br' <Predicate = true> <Delay = 1.76>

State 2 <SV = 1> <Delay = 2.52>
ST_2 : Operation 28 [1/1] (0.00ns)   --->   "%i_0_i_i = phi i31 [ 0, %entry ], [ %add_ln25, %execute ]" [lab5_vadd_dma_azaz/vadd_dma.cpp:25->lab5_vadd_dma_azaz/vadd_dma.cpp:60]   --->   Operation 28 'phi' 'i_0_i_i' <Predicate = true> <Delay = 0.00>
ST_2 : Operation 29 [1/1] (0.00ns)   --->   "%i_0_i_i_cast = zext i31 %i_0_i_i to i32" [lab5_vadd_dma_azaz/vadd_dma.cpp:25->lab5_vadd_dma_azaz/vadd_dma.cpp:60]   --->   Operation 29 'zext' 'i_0_i_i_cast' <Predicate = true> <Delay = 0.00>
ST_2 : Operation 30 [1/1] (2.47ns)   --->   "%icmp_ln25 = icmp slt i32 %i_0_i_i_cast, %size_read" [lab5_vadd_dma_azaz/vadd_dma.cpp:25->lab5_vadd_dma_azaz/vadd_dma.cpp:60]   --->   Operation 30 'icmp' 'icmp_ln25' <Predicate = true> <Delay = 2.47> <Core = "Cmp">   --->   Core 25 'Cmp' <Latency = 0> <II = 1> <Delay = 2.47> <FuncUnit> <Opcode : 'icmp'> <InPorts = 2> <OutPorts = 1>
ST_2 : Operation 31 [1/1] (2.52ns)   --->   "%add_ln25 = add i31 %i_0_i_i, 1" [lab5_vadd_dma_azaz/vadd_dma.cpp:25->lab5_vadd_dma_azaz/vadd_dma.cpp:60]   --->   Operation 31 'add' 'add_ln25' <Predicate = true> <Delay = 2.52> <Core = "AddSub">   --->   Core 14 'AddSub' <Latency = 0> <II = 1> <Delay = 2.52> <FuncUnit> <Opcode : 'add' 'sub'> <InPorts = 2> <OutPorts = 1>
ST_2 : Operation 32 [1/1] (0.00ns)   --->   "br i1 %icmp_ln25, label %execute, label %.exit" [lab5_vadd_dma_azaz/vadd_dma.cpp:25->lab5_vadd_dma_azaz/vadd_dma.cpp:60]   --->   Operation 32 'br' <Predicate = true> <Delay = 0.00>

State 3 <SV = 2> <Delay = 3.63>
ST_3 : Operation 33 [1/1] (3.63ns)   --->   "%tmp = call float @_ssdm_op_Read.ap_fifo.volatile.floatP(float* @in1_stream_V) nounwind" [lab5_vadd_dma_azaz/vadd_dma.cpp:28->lab5_vadd_dma_azaz/vadd_dma.cpp:60]   --->   Operation 33 'read' 'tmp' <Predicate = (icmp_ln25)> <Delay = 3.63> <Core = "FIFO">   --->   Core 32 'FIFO' <Latency = 0> <II = 1> <Delay = 3.63> <Storage> <Opcode : 'read' 'write' 'nbread' 'nbwrite'> <Ports = 0> <Width = 32> <Depth = 2> <FIFO>
ST_3 : Operation 34 [1/1] (3.63ns)   --->   "%tmp_1 = call float @_ssdm_op_Read.ap_fifo.volatile.floatP(float* @in2_stream_V) nounwind" [lab5_vadd_dma_azaz/vadd_dma.cpp:28->lab5_vadd_dma_azaz/vadd_dma.cpp:60]   --->   Operation 34 'read' 'tmp_1' <Predicate = (icmp_ln25)> <Delay = 3.63> <Core = "FIFO">   --->   Core 32 'FIFO' <Latency = 0> <II = 1> <Delay = 3.63> <Storage> <Opcode : 'read' 'write' 'nbread' 'nbwrite'> <Ports = 0> <Width = 32> <Depth = 2> <FIFO>

State 4 <SV = 3> <Delay = 5.70>
ST_4 : Operation 35 [4/4] (5.70ns)   --->   "%tmp_2_i_i = fmul float %tmp, %a_read" [lab5_vadd_dma_azaz/vadd_dma.cpp:28->lab5_vadd_dma_azaz/vadd_dma.cpp:60]   --->   Operation 35 'fmul' 'tmp_2_i_i' <Predicate = (icmp_ln25)> <Delay = 5.70> <Core = "FMul">   --->   Core 106 'FMul' <Latency = 3> <II = 1> <Delay = 5.70> <FuncUnit> <Opcode : 'fmul'> <InPorts = 2> <OutPorts = 1>

State 5 <SV = 4> <Delay = 5.70>
ST_5 : Operation 36 [3/4] (5.70ns)   --->   "%tmp_2_i_i = fmul float %tmp, %a_read" [lab5_vadd_dma_azaz/vadd_dma.cpp:28->lab5_vadd_dma_azaz/vadd_dma.cpp:60]   --->   Operation 36 'fmul' 'tmp_2_i_i' <Predicate = (icmp_ln25)> <Delay = 5.70> <Core = "FMul">   --->   Core 106 'FMul' <Latency = 3> <II = 1> <Delay = 5.70> <FuncUnit> <Opcode : 'fmul'> <InPorts = 2> <OutPorts = 1>

State 6 <SV = 5> <Delay = 5.70>
ST_6 : Operation 37 [2/4] (5.70ns)   --->   "%tmp_2_i_i = fmul float %tmp, %a_read" [lab5_vadd_dma_azaz/vadd_dma.cpp:28->lab5_vadd_dma_azaz/vadd_dma.cpp:60]   --->   Operation 37 'fmul' 'tmp_2_i_i' <Predicate = (icmp_ln25)> <Delay = 5.70> <Core = "FMul">   --->   Core 106 'FMul' <Latency = 3> <II = 1> <Delay = 5.70> <FuncUnit> <Opcode : 'fmul'> <InPorts = 2> <OutPorts = 1>

State 7 <SV = 6> <Delay = 5.70>
ST_7 : Operation 38 [1/4] (5.70ns)   --->   "%tmp_2_i_i = fmul float %tmp, %a_read" [lab5_vadd_dma_azaz/vadd_dma.cpp:28->lab5_vadd_dma_azaz/vadd_dma.cpp:60]   --->   Operation 38 'fmul' 'tmp_2_i_i' <Predicate = (icmp_ln25)> <Delay = 5.70> <Core = "FMul">   --->   Core 106 'FMul' <Latency = 3> <II = 1> <Delay = 5.70> <FuncUnit> <Opcode : 'fmul'> <InPorts = 2> <OutPorts = 1>

State 8 <SV = 7> <Delay = 7.25>
ST_8 : Operation 39 [5/5] (7.25ns)   --->   "%tmp_2 = fadd float %tmp_2_i_i, %tmp_1" [lab5_vadd_dma_azaz/vadd_dma.cpp:28->lab5_vadd_dma_azaz/vadd_dma.cpp:60]   --->   Operation 39 'fadd' 'tmp_2' <Predicate = (icmp_ln25)> <Delay = 7.25> <Core = "FAddSub">   --->   Core 105 'FAddSub' <Latency = 4> <II = 1> <Delay = 7.25> <FuncUnit> <Opcode : 'fadd' 'fsub'> <InPorts = 2> <OutPorts = 1>

State 9 <SV = 8> <Delay = 7.25>
ST_9 : Operation 40 [4/5] (7.25ns)   --->   "%tmp_2 = fadd float %tmp_2_i_i, %tmp_1" [lab5_vadd_dma_azaz/vadd_dma.cpp:28->lab5_vadd_dma_azaz/vadd_dma.cpp:60]   --->   Operation 40 'fadd' 'tmp_2' <Predicate = (icmp_ln25)> <Delay = 7.25> <Core = "FAddSub">   --->   Core 105 'FAddSub' <Latency = 4> <II = 1> <Delay = 7.25> <FuncUnit> <Opcode : 'fadd' 'fsub'> <InPorts = 2> <OutPorts = 1>

State 10 <SV = 9> <Delay = 7.25>
ST_10 : Operation 41 [3/5] (7.25ns)   --->   "%tmp_2 = fadd float %tmp_2_i_i, %tmp_1" [lab5_vadd_dma_azaz/vadd_dma.cpp:28->lab5_vadd_dma_azaz/vadd_dma.cpp:60]   --->   Operation 41 'fadd' 'tmp_2' <Predicate = (icmp_ln25)> <Delay = 7.25> <Core = "FAddSub">   --->   Core 105 'FAddSub' <Latency = 4> <II = 1> <Delay = 7.25> <FuncUnit> <Opcode : 'fadd' 'fsub'> <InPorts = 2> <OutPorts = 1>

State 11 <SV = 10> <Delay = 7.25>
ST_11 : Operation 42 [2/5] (7.25ns)   --->   "%tmp_2 = fadd float %tmp_2_i_i, %tmp_1" [lab5_vadd_dma_azaz/vadd_dma.cpp:28->lab5_vadd_dma_azaz/vadd_dma.cpp:60]   --->   Operation 42 'fadd' 'tmp_2' <Predicate = (icmp_ln25)> <Delay = 7.25> <Core = "FAddSub">   --->   Core 105 'FAddSub' <Latency = 4> <II = 1> <Delay = 7.25> <FuncUnit> <Opcode : 'fadd' 'fsub'> <InPorts = 2> <OutPorts = 1>

State 12 <SV = 11> <Delay = 7.25>
ST_12 : Operation 43 [1/5] (7.25ns)   --->   "%tmp_2 = fadd float %tmp_2_i_i, %tmp_1" [lab5_vadd_dma_azaz/vadd_dma.cpp:28->lab5_vadd_dma_azaz/vadd_dma.cpp:60]   --->   Operation 43 'fadd' 'tmp_2' <Predicate = (icmp_ln25)> <Delay = 7.25> <Core = "FAddSub">   --->   Core 105 'FAddSub' <Latency = 4> <II = 1> <Delay = 7.25> <FuncUnit> <Opcode : 'fadd' 'fsub'> <InPorts = 2> <OutPorts = 1>

State 13 <SV = 12> <Delay = 3.63>
ST_13 : Operation 44 [1/1] (0.00ns)   --->   "call void (...)* @_ssdm_op_SpecLoopName([8 x i8]* @p_str9) nounwind" [lab5_vadd_dma_azaz/vadd_dma.cpp:25->lab5_vadd_dma_azaz/vadd_dma.cpp:60]   --->   Operation 44 'specloopname' <Predicate = (icmp_ln25)> <Delay = 0.00>
ST_13 : Operation 45 [1/1] (0.00ns)   --->   "%tmp_6_i_i = call i32 (...)* @_ssdm_op_SpecRegionBegin([8 x i8]* @p_str9) nounwind" [lab5_vadd_dma_azaz/vadd_dma.cpp:25->lab5_vadd_dma_azaz/vadd_dma.cpp:60]   --->   Operation 45 'specregionbegin' 'tmp_6_i_i' <Predicate = (icmp_ln25)> <Delay = 0.00>
ST_13 : Operation 46 [1/1] (0.00ns)   --->   "call void (...)* @_ssdm_op_SpecLoopTripCount(i32 4096, i32 4096, i32 0, [1 x i8]* @p_str2) nounwind" [lab5_vadd_dma_azaz/vadd_dma.cpp:26->lab5_vadd_dma_azaz/vadd_dma.cpp:60]   --->   Operation 46 'speclooptripcount' <Predicate = (icmp_ln25)> <Delay = 0.00>
ST_13 : Operation 47 [1/1] (0.00ns)   --->   "call void (...)* @_ssdm_op_SpecPipeline(i32 1, i32 1, i32 1, i32 0, [1 x i8]* @p_str2) nounwind" [lab5_vadd_dma_azaz/vadd_dma.cpp:27->lab5_vadd_dma_azaz/vadd_dma.cpp:60]   --->   Operation 47 'specpipeline' <Predicate = (icmp_ln25)> <Delay = 0.00>
ST_13 : Operation 48 [1/1] (3.63ns)   --->   "call void @_ssdm_op_Write.ap_fifo.volatile.floatP(float* @out_stream_V, float %tmp_2) nounwind" [lab5_vadd_dma_azaz/vadd_dma.cpp:28->lab5_vadd_dma_azaz/vadd_dma.cpp:60]   --->   Operation 48 'write' <Predicate = (icmp_ln25)> <Delay = 3.63> <Core = "FIFO">   --->   Core 32 'FIFO' <Latency = 0> <II = 1> <Delay = 3.63> <Storage> <Opcode : 'read' 'write' 'nbread' 'nbwrite'> <Ports = 0> <Width = 32> <Depth = 2> <FIFO>
ST_13 : Operation 49 [1/1] (0.00ns)   --->   "%empty = call i32 (...)* @_ssdm_op_SpecRegionEnd([8 x i8]* @p_str9, i32 %tmp_6_i_i) nounwind" [lab5_vadd_dma_azaz/vadd_dma.cpp:29->lab5_vadd_dma_azaz/vadd_dma.cpp:60]   --->   Operation 49 'specregionend' 'empty' <Predicate = (icmp_ln25)> <Delay = 0.00>
ST_13 : Operation 50 [1/1] (0.00ns)   --->   "br label %0" [lab5_vadd_dma_azaz/vadd_dma.cpp:25->lab5_vadd_dma_azaz/vadd_dma.cpp:60]   --->   Operation 50 'br' <Predicate = (icmp_ln25)> <Delay = 0.00>

State 14 <SV = 2> <Delay = 0.00>
ST_14 : Operation 51 [1/1] (0.00ns)   --->   "ret void" [lab5_vadd_dma_azaz/vadd_dma.cpp:60]   --->   Operation 51 'ret' <Predicate = true> <Delay = 0.00>


============================================================
+ Verbose Summary: Binding
============================================================
STG Binding: 
---------------- STG Properties BEGIN ----------------
- Is combinational: 0
- Is one-state seq: 0
- Is datapath-only: 0
- Is pipelined: 0
- Is top level: 0
Port [ Return ] is wired: 1; IO mode=ap_ctrl_hs:ce=0
Port [ a]:  wired=1; compound=1; hidden=0; nouse=0; global=0; static=0; extern=0; dir=0; type=3; pingpong=0; private_global=0; IO mode=ap_fifo:ce=0
Port [ size]:  wired=1; compound=1; hidden=0; nouse=0; global=0; static=0; extern=0; dir=0; type=3; pingpong=0; private_global=0; IO mode=ap_fifo:ce=0
Port [ size_out]:  wired=1; compound=1; hidden=0; nouse=0; global=0; static=0; extern=0; dir=1; type=3; pingpong=0; private_global=0; IO mode=ap_fifo:ce=0
Port [ in1_stream_V]:  wired=1; compound=1; hidden=0; nouse=0; global=1; static=1; extern=0; dir=0; type=3; pingpong=0; private_global=0; linkage=7; visibility=0; IO mode=ap_fifo:ce=0
Port [ in2_stream_V]:  wired=1; compound=1; hidden=0; nouse=0; global=1; static=1; extern=0; dir=0; type=3; pingpong=0; private_global=0; linkage=7; visibility=0; IO mode=ap_fifo:ce=0
Port [ out_stream_V]:  wired=1; compound=1; hidden=0; nouse=0; global=1; static=1; extern=0; dir=1; type=3; pingpong=0; private_global=0; linkage=7; visibility=0; IO mode=ap_fifo:ce=0
---------------- STG Properties END ------------------

---------------- Datapath Model BEGIN ----------------

<LifeTime>
<method=bitvector/>
specinterface_ln0      (specinterface    ) [ 000000000000000]
specinterface_ln0      (specinterface    ) [ 000000000000000]
specinterface_ln0      (specinterface    ) [ 000000000000000]
specinterface_ln0      (specinterface    ) [ 000000000000000]
specinterface_ln0      (specinterface    ) [ 000000000000000]
a_read                 (read             ) [ 001111111111110]
size_read              (read             ) [ 001111111111110]
specinterface_ln0      (specinterface    ) [ 000000000000000]
write_ln60             (write            ) [ 000000000000000]
specinterface_ln0      (specinterface    ) [ 000000000000000]
specinterface_ln0      (specinterface    ) [ 000000000000000]
specinterface_ln0      (specinterface    ) [ 000000000000000]
br_ln25                (br               ) [ 011111111111110]
i_0_i_i                (phi              ) [ 001000000000000]
i_0_i_i_cast           (zext             ) [ 000000000000000]
icmp_ln25              (icmp             ) [ 001111111111110]
add_ln25               (add              ) [ 011111111111110]
br_ln25                (br               ) [ 000000000000000]
tmp                    (read             ) [ 001011110000000]
tmp_1                  (read             ) [ 001011111111100]
tmp_2_i_i              (fmul             ) [ 001000001111100]
tmp_2                  (fadd             ) [ 001000000000010]
specloopname_ln25      (specloopname     ) [ 000000000000000]
tmp_6_i_i              (specregionbegin  ) [ 000000000000000]
speclooptripcount_ln26 (speclooptripcount) [ 000000000000000]
specpipeline_ln27      (specpipeline     ) [ 000000000000000]
write_ln28             (write            ) [ 000000000000000]
empty                  (specregionend    ) [ 000000000000000]
br_ln25                (br               ) [ 011111111111110]
ret_ln60               (ret              ) [ 000000000000000]
</LifeTime>

<model>

<comp_list>
<comp id="0" class="1000" name="a">
<pin_list>
<pin id="1" dir="1" index="0" bw="1" slack="0"/>
</pin_list>
<bind>
<StgValue><ssdm name="a"/></StgValue>
</bind>
</comp>

<comp id="2" class="1000" name="size">
<pin_list>
<pin id="3" dir="1" index="0" bw="1" slack="0"/>
</pin_list>
<bind>
<StgValue><ssdm name="size"/></StgValue>
</bind>
</comp>

<comp id="4" class="1000" name="size_out">
<pin_list>
<pin id="5" dir="1" index="0" bw="1" slack="0"/>
</pin_list>
<bind>
<StgValue><ssdm name="size_out"/></StgValue>
</bind>
</comp>

<comp id="6" class="1000" name="in1_stream_V">
<pin_list>
<pin id="7" dir="1" index="0" bw="1" slack="0"/>
</pin_list>
<bind>
<StgValue><ssdm name="in1_stream_V"/></StgValue>
</bind>
</comp>

<comp id="8" class="1000" name="in2_stream_V">
<pin_list>
<pin id="9" dir="1" index="0" bw="1" slack="0"/>
</pin_list>
<bind>
<StgValue><ssdm name="in2_stream_V"/></StgValue>
</bind>
</comp>

<comp id="10" class="1000" name="out_stream_V">
<pin_list>
<pin id="11" dir="1" index="0" bw="1" slack="0"/>
</pin_list>
<bind>
<StgValue><ssdm name="out_stream_V"/></StgValue>
</bind>
</comp>

<comp id="12" class="1001" name="const_12">
<pin_list>
<pin id="13" dir="1" index="0" bw="1" slack="2147483647"/>
</pin_list>
<bind>
<StgValue><ssdm name="_ssdm_op_SpecInterface"/></StgValue>
</bind>
</comp>

<comp id="14" class="1001" name="const_14">
<pin_list>
<pin id="15" dir="1" index="0" bw="1" slack="2147483647"/>
</pin_list>
<bind>
<StgValue><ssdm name="ap_fifo_str"/></StgValue>
</bind>
</comp>

<comp id="16" class="1001" name="const_16">
<pin_list>
<pin id="17" dir="1" index="0" bw="1" slack="2147483647"/>
</pin_list>
<bind>
<StgValue><ssdm name=""/></StgValue>
</bind>
</comp>

<comp id="18" class="1001" name="const_18">
<pin_list>
<pin id="19" dir="1" index="0" bw="1" slack="2147483647"/>
</pin_list>
<bind>
<StgValue><ssdm name="p_str36"/></StgValue>
</bind>
</comp>

<comp id="20" class="1001" name="const_20">
<pin_list>
<pin id="21" dir="1" index="0" bw="1" slack="2147483647"/>
</pin_list>
<bind>
<StgValue><ssdm name="p_str37"/></StgValue>
</bind>
</comp>

<comp id="22" class="1001" name="const_22">
<pin_list>
<pin id="23" dir="1" index="0" bw="1" slack="2147483647"/>
</pin_list>
<bind>
<StgValue><ssdm name="p_str38"/></StgValue>
</bind>
</comp>

<comp id="24" class="1001" name="const_24">
<pin_list>
<pin id="25" dir="1" index="0" bw="1" slack="2147483647"/>
</pin_list>
<bind>
<StgValue><ssdm name="p_str39"/></StgValue>
</bind>
</comp>

<comp id="26" class="1001" name="const_26">
<pin_list>
<pin id="27" dir="1" index="0" bw="1" slack="2147483647"/>
</pin_list>
<bind>
<StgValue><ssdm name=""/></StgValue>
</bind>
</comp>

<comp id="28" class="1001" name="const_28">
<pin_list>
<pin id="29" dir="1" index="0" bw="1" slack="2147483647"/>
</pin_list>
<bind>
<StgValue><ssdm name=""/></StgValue>
</bind>
</comp>

<comp id="30" class="1001" name="const_30">
<pin_list>
<pin id="31" dir="1" index="0" bw="1" slack="2147483647"/>
</pin_list>
<bind>
<StgValue><ssdm name="p_str40"/></StgValue>
</bind>
</comp>

<comp id="32" class="1001" name="const_32">
<pin_list>
<pin id="33" dir="1" index="0" bw="1" slack="2147483647"/>
</pin_list>
<bind>
<StgValue><ssdm name="p_str41"/></StgValue>
</bind>
</comp>

<comp id="34" class="1001" name="const_34">
<pin_list>
<pin id="35" dir="1" index="0" bw="1" slack="2147483647"/>
</pin_list>
<bind>
<StgValue><ssdm name="p_str29"/></StgValue>
</bind>
</comp>

<comp id="36" class="1001" name="const_36">
<pin_list>
<pin id="37" dir="1" index="0" bw="1" slack="2147483647"/>
</pin_list>
<bind>
<StgValue><ssdm name="p_str30"/></StgValue>
</bind>
</comp>

<comp id="38" class="1001" name="const_38">
<pin_list>
<pin id="39" dir="1" index="0" bw="1" slack="2147483647"/>
</pin_list>
<bind>
<StgValue><ssdm name="p_str31"/></StgValue>
</bind>
</comp>

<comp id="40" class="1001" name="const_40">
<pin_list>
<pin id="41" dir="1" index="0" bw="1" slack="2147483647"/>
</pin_list>
<bind>
<StgValue><ssdm name="p_str32"/></StgValue>
</bind>
</comp>

<comp id="42" class="1001" name="const_42">
<pin_list>
<pin id="43" dir="1" index="0" bw="1" slack="2147483647"/>
</pin_list>
<bind>
<StgValue><ssdm name="p_str33"/></StgValue>
</bind>
</comp>

<comp id="44" class="1001" name="const_44">
<pin_list>
<pin id="45" dir="1" index="0" bw="1" slack="2147483647"/>
</pin_list>
<bind>
<StgValue><ssdm name="p_str34"/></StgValue>
</bind>
</comp>

<comp id="46" class="1001" name="const_46">
<pin_list>
<pin id="47" dir="1" index="0" bw="1" slack="2147483647"/>
</pin_list>
<bind>
<StgValue><ssdm name="p_str22"/></StgValue>
</bind>
</comp>

<comp id="48" class="1001" name="const_48">
<pin_list>
<pin id="49" dir="1" index="0" bw="1" slack="2147483647"/>
</pin_list>
<bind>
<StgValue><ssdm name="p_str23"/></StgValue>
</bind>
</comp>

<comp id="50" class="1001" name="const_50">
<pin_list>
<pin id="51" dir="1" index="0" bw="1" slack="2147483647"/>
</pin_list>
<bind>
<StgValue><ssdm name="p_str24"/></StgValue>
</bind>
</comp>

<comp id="52" class="1001" name="const_52">
<pin_list>
<pin id="53" dir="1" index="0" bw="1" slack="2147483647"/>
</pin_list>
<bind>
<StgValue><ssdm name="p_str25"/></StgValue>
</bind>
</comp>

<comp id="54" class="1001" name="const_54">
<pin_list>
<pin id="55" dir="1" index="0" bw="1" slack="2147483647"/>
</pin_list>
<bind>
<StgValue><ssdm name="p_str26"/></StgValue>
</bind>
</comp>

<comp id="56" class="1001" name="const_56">
<pin_list>
<pin id="57" dir="1" index="0" bw="1" slack="2147483647"/>
</pin_list>
<bind>
<StgValue><ssdm name="p_str27"/></StgValue>
</bind>
</comp>

<comp id="58" class="1001" name="const_58">
<pin_list>
<pin id="59" dir="1" index="0" bw="1" slack="2147483647"/>
</pin_list>
<bind>
<StgValue><ssdm name="p_str110"/></StgValue>
</bind>
</comp>

<comp id="60" class="1001" name="const_60">
<pin_list>
<pin id="61" dir="1" index="0" bw="1" slack="2147483647"/>
</pin_list>
<bind>
<StgValue><ssdm name="p_str111"/></StgValue>
</bind>
</comp>

<comp id="62" class="1001" name="const_62">
<pin_list>
<pin id="63" dir="1" index="0" bw="1" slack="2147483647"/>
</pin_list>
<bind>
<StgValue><ssdm name="p_str112"/></StgValue>
</bind>
</comp>

<comp id="64" class="1001" name="const_64">
<pin_list>
<pin id="65" dir="1" index="0" bw="1" slack="2147483647"/>
</pin_list>
<bind>
<StgValue><ssdm name="p_str113"/></StgValue>
</bind>
</comp>

<comp id="66" class="1001" name="const_66">
<pin_list>
<pin id="67" dir="1" index="0" bw="1" slack="2147483647"/>
</pin_list>
<bind>
<StgValue><ssdm name="p_str114"/></StgValue>
</bind>
</comp>

<comp id="68" class="1001" name="const_68">
<pin_list>
<pin id="69" dir="1" index="0" bw="1" slack="2147483647"/>
</pin_list>
<bind>
<StgValue><ssdm name="ScalarProp_str"/></StgValue>
</bind>
</comp>

<comp id="70" class="1001" name="const_70">
<pin_list>
<pin id="71" dir="1" index="0" bw="1" slack="2147483647"/>
</pin_list>
<bind>
<StgValue><ssdm name="p_str105"/></StgValue>
</bind>
</comp>

<comp id="72" class="1001" name="const_72">
<pin_list>
<pin id="73" dir="1" index="0" bw="1" slack="2147483647"/>
</pin_list>
<bind>
<StgValue><ssdm name="p_str106"/></StgValue>
</bind>
</comp>

<comp id="74" class="1001" name="const_74">
<pin_list>
<pin id="75" dir="1" index="0" bw="1" slack="2147483647"/>
</pin_list>
<bind>
<StgValue><ssdm name="p_str107"/></StgValue>
</bind>
</comp>

<comp id="76" class="1001" name="const_76">
<pin_list>
<pin id="77" dir="1" index="0" bw="1" slack="2147483647"/>
</pin_list>
<bind>
<StgValue><ssdm name="p_str108"/></StgValue>
</bind>
</comp>

<comp id="78" class="1001" name="const_78">
<pin_list>
<pin id="79" dir="1" index="0" bw="1" slack="2147483647"/>
</pin_list>
<bind>
<StgValue><ssdm name="p_str109"/></StgValue>
</bind>
</comp>

<comp id="80" class="1001" name="const_80">
<pin_list>
<pin id="81" dir="1" index="0" bw="1" slack="0"/>
</pin_list>
<bind>
<StgValue><ssdm name="_ssdm_op_Read.ap_fifo.floatP"/></StgValue>
</bind>
</comp>

<comp id="82" class="1001" name="const_82">
<pin_list>
<pin id="83" dir="1" index="0" bw="1" slack="0"/>
</pin_list>
<bind>
<StgValue><ssdm name="_ssdm_op_Read.ap_fifo.i32P"/></StgValue>
</bind>
</comp>

<comp id="84" class="1001" name="const_84">
<pin_list>
<pin id="85" dir="1" index="0" bw="1" slack="2147483647"/>
</pin_list>
<bind>
<StgValue><ssdm name="p_str115"/></StgValue>
</bind>
</comp>

<comp id="86" class="1001" name="const_86">
<pin_list>
<pin id="87" dir="1" index="0" bw="1" slack="2147483647"/>
</pin_list>
<bind>
<StgValue><ssdm name="p_str116"/></StgValue>
</bind>
</comp>

<comp id="88" class="1001" name="const_88">
<pin_list>
<pin id="89" dir="1" index="0" bw="1" slack="2147483647"/>
</pin_list>
<bind>
<StgValue><ssdm name="p_str117"/></StgValue>
</bind>
</comp>

<comp id="90" class="1001" name="const_90">
<pin_list>
<pin id="91" dir="1" index="0" bw="1" slack="2147483647"/>
</pin_list>
<bind>
<StgValue><ssdm name="p_str118"/></StgValue>
</bind>
</comp>

<comp id="92" class="1001" name="const_92">
<pin_list>
<pin id="93" dir="1" index="0" bw="1" slack="2147483647"/>
</pin_list>
<bind>
<StgValue><ssdm name="p_str119"/></StgValue>
</bind>
</comp>

<comp id="94" class="1001" name="const_94">
<pin_list>
<pin id="95" dir="1" index="0" bw="1" slack="0"/>
</pin_list>
<bind>
<StgValue><ssdm name="_ssdm_op_Write.ap_fifo.i32P"/></StgValue>
</bind>
</comp>

<comp id="96" class="1001" name="const_96">
<pin_list>
<pin id="97" dir="1" index="0" bw="1" slack="1"/>
</pin_list>
<bind>
<StgValue><ssdm name=""/></StgValue>
</bind>
</comp>

<comp id="98" class="1001" name="const_98">
<pin_list>
<pin id="99" dir="1" index="0" bw="1" slack="0"/>
</pin_list>
<bind>
<StgValue><ssdm name=""/></StgValue>
</bind>
</comp>

<comp id="100" class="1001" name="const_100">
<pin_list>
<pin id="101" dir="1" index="0" bw="1" slack="0"/>
</pin_list>
<bind>
<StgValue><ssdm name="_ssdm_op_Read.ap_fifo.volatile.floatP"/></StgValue>
</bind>
</comp>

<comp id="102" class="1001" name="const_102">
<pin_list>
<pin id="103" dir="1" index="0" bw="1" slack="2147483647"/>
</pin_list>
<bind>
<StgValue><ssdm name="_ssdm_op_SpecLoopName"/></StgValue>
</bind>
</comp>

<comp id="104" class="1001" name="const_104">
<pin_list>
<pin id="105" dir="1" index="0" bw="1" slack="2147483647"/>
</pin_list>
<bind>
<StgValue><ssdm name="p_str9"/></StgValue>
</bind>
</comp>

<comp id="106" class="1001" name="const_106">
<pin_list>
<pin id="107" dir="1" index="0" bw="1" slack="2147483647"/>
</pin_list>
<bind>
<StgValue><ssdm name="_ssdm_op_SpecRegionBegin"/></StgValue>
</bind>
</comp>

<comp id="108" class="1001" name="const_108">
<pin_list>
<pin id="109" dir="1" index="0" bw="1" slack="2147483647"/>
</pin_list>
<bind>
<StgValue><ssdm name="_ssdm_op_SpecLoopTripCount"/></StgValue>
</bind>
</comp>

<comp id="110" class="1001" name="const_110">
<pin_list>
<pin id="111" dir="1" index="0" bw="1" slack="2147483647"/>
</pin_list>
<bind>
<StgValue><ssdm name=""/></StgValue>
</bind>
</comp>

<comp id="112" class="1001" name="const_112">
<pin_list>
<pin id="113" dir="1" index="0" bw="1" slack="2147483647"/>
</pin_list>
<bind>
<StgValue><ssdm name="p_str2"/></StgValue>
</bind>
</comp>

<comp id="114" class="1001" name="const_114">
<pin_list>
<pin id="115" dir="1" index="0" bw="1" slack="2147483647"/>
</pin_list>
<bind>
<StgValue><ssdm name="_ssdm_op_SpecPipeline"/></StgValue>
</bind>
</comp>

<comp id="116" class="1001" name="const_116">
<pin_list>
<pin id="117" dir="1" index="0" bw="1" slack="2147483647"/>
</pin_list>
<bind>
<StgValue><ssdm name=""/></StgValue>
</bind>
</comp>

<comp id="118" class="1001" name="const_118">
<pin_list>
<pin id="119" dir="1" index="0" bw="1" slack="0"/>
</pin_list>
<bind>
<StgValue><ssdm name="_ssdm_op_Write.ap_fifo.volatile.floatP"/></StgValue>
</bind>
</comp>

<comp id="120" class="1001" name="const_120">
<pin_list>
<pin id="121" dir="1" index="0" bw="1" slack="2147483647"/>
</pin_list>
<bind>
<StgValue><ssdm name="_ssdm_op_SpecRegionEnd"/></StgValue>
</bind>
</comp>

<comp id="122" class="1004" name="a_read_read_fu_122">
<pin_list>
<pin id="123" dir="0" index="0" bw="32" slack="0"/>
<pin id="124" dir="0" index="1" bw="32" slack="0"/>
<pin id="125" dir="1" index="2" bw="32" slack="3"/>
</pin_list>
<bind>
<opcode="read(1150) " fcode="read"/>
<opset="a_read/1 "/>
</bind>
</comp>

<comp id="128" class="1004" name="size_read_read_fu_128">
<pin_list>
<pin id="129" dir="0" index="0" bw="32" slack="0"/>
<pin id="130" dir="0" index="1" bw="32" slack="0"/>
<pin id="131" dir="1" index="2" bw="32" slack="0"/>
</pin_list>
<bind>
<opcode="read(1150) " fcode="read"/>
<opset="size_read/1 "/>
</bind>
</comp>

<comp id="134" class="1004" name="write_ln60_write_fu_134">
<pin_list>
<pin id="135" dir="0" index="0" bw="0" slack="0"/>
<pin id="136" dir="0" index="1" bw="32" slack="0"/>
<pin id="137" dir="0" index="2" bw="32" slack="0"/>
<pin id="138" dir="1" index="3" bw="0" slack="2147483647"/>
</pin_list>
<bind>
<opcode="write(1151) " fcode="write"/>
<opset="write_ln60/1 "/>
</bind>
</comp>

<comp id="142" class="1004" name="tmp_read_fu_142">
<pin_list>
<pin id="143" dir="0" index="0" bw="32" slack="0"/>
<pin id="144" dir="0" index="1" bw="32" slack="0"/>
<pin id="145" dir="1" index="2" bw="32" slack="1"/>
</pin_list>
<bind>
<opcode="read(1150) " fcode="read"/>
<opset="tmp/3 "/>
</bind>
</comp>

<comp id="148" class="1004" name="tmp_1_read_fu_148">
<pin_list>
<pin id="149" dir="0" index="0" bw="32" slack="0"/>
<pin id="150" dir="0" index="1" bw="32" slack="0"/>
<pin id="151" dir="1" index="2" bw="32" slack="5"/>
</pin_list>
<bind>
<opcode="read(1150) " fcode="read"/>
<opset="tmp_1/3 "/>
</bind>
</comp>

<comp id="154" class="1004" name="write_ln28_write_fu_154">
<pin_list>
<pin id="155" dir="0" index="0" bw="0" slack="0"/>
<pin id="156" dir="0" index="1" bw="32" slack="0"/>
<pin id="157" dir="0" index="2" bw="32" slack="1"/>
<pin id="158" dir="1" index="3" bw="0" slack="2147483647"/>
</pin_list>
<bind>
<opcode="write(1151) " fcode="write"/>
<opset="write_ln28/13 "/>
</bind>
</comp>

<comp id="161" class="1005" name="i_0_i_i_reg_161">
<pin_list>
<pin id="162" dir="0" index="0" bw="31" slack="1"/>
<pin id="163" dir="1" index="1" bw="31" slack="1"/>
</pin_list>
<bind>
<opset="i_0_i_i (phireg) "/>
</bind>
</comp>

<comp id="165" class="1004" name="i_0_i_i_phi_fu_165">
<pin_list>
<pin id="166" dir="0" index="0" bw="1" slack="1"/>
<pin id="167" dir="0" index="1" bw="0" slack="2147483647"/>
<pin id="168" dir="0" index="2" bw="31" slack="0"/>
<pin id="169" dir="0" index="3" bw="0" slack="2147483647"/>
<pin id="170" dir="1" index="4" bw="31" slack="0"/>
</pin_list>
<bind>
<opcode="phi(47) " fcode="phi"/>
<opset="i_0_i_i/2 "/>
</bind>
</comp>

<comp id="172" class="1004" name="grp_fu_172">
<pin_list>
<pin id="173" dir="0" index="0" bw="32" slack="1"/>
<pin id="174" dir="0" index="1" bw="32" slack="5"/>
<pin id="175" dir="1" index="2" bw="32" slack="1"/>
</pin_list>
<bind>
<opcode="fadd(9) " fcode="fadd"/>
<opset="tmp_2/8 "/>
</bind>
</comp>

<comp id="176" class="1004" name="grp_fu_176">
<pin_list>
<pin id="177" dir="0" index="0" bw="32" slack="1"/>
<pin id="178" dir="0" index="1" bw="32" slack="3"/>
<pin id="179" dir="1" index="2" bw="32" slack="1"/>
</pin_list>
<bind>
<opcode="fmul(13) " fcode="fmul"/>
<opset="tmp_2_i_i/4 "/>
</bind>
</comp>

<comp id="180" class="1004" name="i_0_i_i_cast_fu_180">
<pin_list>
<pin id="181" dir="0" index="0" bw="31" slack="0"/>
<pin id="182" dir="1" index="1" bw="32" slack="0"/>
</pin_list>
<bind>
<opcode="zext(34) " fcode="zext"/>
<opset="i_0_i_i_cast/2 "/>
</bind>
</comp>

<comp id="184" class="1004" name="icmp_ln25_fu_184">
<pin_list>
<pin id="185" dir="0" index="0" bw="31" slack="0"/>
<pin id="186" dir="0" index="1" bw="32" slack="1"/>
<pin id="187" dir="1" index="2" bw="1" slack="1"/>
</pin_list>
<bind>
<opcode="icmp(45) " fcode="icmp"/>
<opset="icmp_ln25/2 "/>
</bind>
</comp>

<comp id="189" class="1004" name="add_ln25_fu_189">
<pin_list>
<pin id="190" dir="0" index="0" bw="31" slack="0"/>
<pin id="191" dir="0" index="1" bw="1" slack="0"/>
<pin id="192" dir="1" index="2" bw="31" slack="0"/>
</pin_list>
<bind>
<opcode="add(8) " fcode="add"/>
<opset="add_ln25/2 "/>
</bind>
</comp>

<comp id="195" class="1005" name="a_read_reg_195">
<pin_list>
<pin id="196" dir="0" index="0" bw="32" slack="3"/>
<pin id="197" dir="1" index="1" bw="32" slack="3"/>
</pin_list>
<bind>
<opset="a_read "/>
</bind>
</comp>

<comp id="200" class="1005" name="size_read_reg_200">
<pin_list>
<pin id="201" dir="0" index="0" bw="32" slack="1"/>
<pin id="202" dir="1" index="1" bw="32" slack="1"/>
</pin_list>
<bind>
<opset="size_read "/>
</bind>
</comp>

<comp id="205" class="1005" name="icmp_ln25_reg_205">
<pin_list>
<pin id="206" dir="0" index="0" bw="1" slack="1"/>
<pin id="207" dir="1" index="1" bw="1" slack="2147483647"/>
</pin_list>
<bind>
<opset="icmp_ln25 "/>
</bind>
</comp>

<comp id="209" class="1005" name="add_ln25_reg_209">
<pin_list>
<pin id="210" dir="0" index="0" bw="31" slack="0"/>
<pin id="211" dir="1" index="1" bw="31" slack="0"/>
</pin_list>
<bind>
<opset="add_ln25 "/>
</bind>
</comp>

<comp id="214" class="1005" name="tmp_reg_214">
<pin_list>
<pin id="215" dir="0" index="0" bw="32" slack="1"/>
<pin id="216" dir="1" index="1" bw="32" slack="1"/>
</pin_list>
<bind>
<opset="tmp "/>
</bind>
</comp>

<comp id="219" class="1005" name="tmp_1_reg_219">
<pin_list>
<pin id="220" dir="0" index="0" bw="32" slack="5"/>
<pin id="221" dir="1" index="1" bw="32" slack="5"/>
</pin_list>
<bind>
<opset="tmp_1 "/>
</bind>
</comp>

<comp id="224" class="1005" name="tmp_2_i_i_reg_224">
<pin_list>
<pin id="225" dir="0" index="0" bw="32" slack="1"/>
<pin id="226" dir="1" index="1" bw="32" slack="1"/>
</pin_list>
<bind>
<opset="tmp_2_i_i "/>
</bind>
</comp>

<comp id="229" class="1005" name="tmp_2_reg_229">
<pin_list>
<pin id="230" dir="0" index="0" bw="32" slack="1"/>
<pin id="231" dir="1" index="1" bw="32" slack="1"/>
</pin_list>
<bind>
<opset="tmp_2 "/>
</bind>
</comp>

</comp_list>

<net_list>
<net id="126"><net_src comp="80" pin="0"/><net_sink comp="122" pin=0"/></net>

<net id="127"><net_src comp="0" pin="0"/><net_sink comp="122" pin=1"/></net>

<net id="132"><net_src comp="82" pin="0"/><net_sink comp="128" pin=0"/></net>

<net id="133"><net_src comp="2" pin="0"/><net_sink comp="128" pin=1"/></net>

<net id="139"><net_src comp="94" pin="0"/><net_sink comp="134" pin=0"/></net>

<net id="140"><net_src comp="4" pin="0"/><net_sink comp="134" pin=1"/></net>

<net id="141"><net_src comp="128" pin="2"/><net_sink comp="134" pin=2"/></net>

<net id="146"><net_src comp="100" pin="0"/><net_sink comp="142" pin=0"/></net>

<net id="147"><net_src comp="6" pin="0"/><net_sink comp="142" pin=1"/></net>

<net id="152"><net_src comp="100" pin="0"/><net_sink comp="148" pin=0"/></net>

<net id="153"><net_src comp="8" pin="0"/><net_sink comp="148" pin=1"/></net>

<net id="159"><net_src comp="118" pin="0"/><net_sink comp="154" pin=0"/></net>

<net id="160"><net_src comp="10" pin="0"/><net_sink comp="154" pin=1"/></net>

<net id="164"><net_src comp="96" pin="0"/><net_sink comp="161" pin=0"/></net>

<net id="171"><net_src comp="161" pin="1"/><net_sink comp="165" pin=0"/></net>

<net id="183"><net_src comp="165" pin="4"/><net_sink comp="180" pin=0"/></net>

<net id="188"><net_src comp="180" pin="1"/><net_sink comp="184" pin=0"/></net>

<net id="193"><net_src comp="165" pin="4"/><net_sink comp="189" pin=0"/></net>

<net id="194"><net_src comp="98" pin="0"/><net_sink comp="189" pin=1"/></net>

<net id="198"><net_src comp="122" pin="2"/><net_sink comp="195" pin=0"/></net>

<net id="199"><net_src comp="195" pin="1"/><net_sink comp="176" pin=1"/></net>

<net id="203"><net_src comp="128" pin="2"/><net_sink comp="200" pin=0"/></net>

<net id="204"><net_src comp="200" pin="1"/><net_sink comp="184" pin=1"/></net>

<net id="208"><net_src comp="184" pin="2"/><net_sink comp="205" pin=0"/></net>

<net id="212"><net_src comp="189" pin="2"/><net_sink comp="209" pin=0"/></net>

<net id="213"><net_src comp="209" pin="1"/><net_sink comp="165" pin=2"/></net>

<net id="217"><net_src comp="142" pin="2"/><net_sink comp="214" pin=0"/></net>

<net id="218"><net_src comp="214" pin="1"/><net_sink comp="176" pin=0"/></net>

<net id="222"><net_src comp="148" pin="2"/><net_sink comp="219" pin=0"/></net>

<net id="223"><net_src comp="219" pin="1"/><net_sink comp="172" pin=1"/></net>

<net id="227"><net_src comp="176" pin="2"/><net_sink comp="224" pin=0"/></net>

<net id="228"><net_src comp="224" pin="1"/><net_sink comp="172" pin=0"/></net>

<net id="232"><net_src comp="172" pin="2"/><net_sink comp="229" pin=0"/></net>

<net id="233"><net_src comp="229" pin="1"/><net_sink comp="154" pin=2"/></net>

</net_list>

</model> 
---------------- Datapath Model END ------------------

* FSMD analyzer results:
  - Output states:
	Port: size_out | {1 }
	Port: out_stream_V | {13 }
 - Input state : 
	Port: compute_add : a | {1 }
	Port: compute_add : size | {1 }
	Port: compute_add : in1_stream_V | {3 }
	Port: compute_add : in2_stream_V | {3 }
  - Chain level:
	State 1
	State 2
		i_0_i_i_cast : 1
		icmp_ln25 : 2
		add_ln25 : 1
		br_ln25 : 3
	State 3
	State 4
	State 5
	State 6
	State 7
	State 8
	State 9
	State 10
	State 11
	State 12
	State 13
		empty : 1
	State 14


============================================================
+ Verbose Summary: Datapath Resource usage 
============================================================

* Functional unit list:
|----------|-------------------------|---------|---------|---------|
| Operation|     Functional Unit     |  DSP48E |    FF   |   LUT   |
|----------|-------------------------|---------|---------|---------|
|   fadd   |        grp_fu_172       |    2    |   205   |   390   |
|----------|-------------------------|---------|---------|---------|
|   fmul   |        grp_fu_176       |    3    |   143   |   321   |
|----------|-------------------------|---------|---------|---------|
|    add   |     add_ln25_fu_189     |    0    |    0    |    38   |
|----------|-------------------------|---------|---------|---------|
|   icmp   |     icmp_ln25_fu_184    |    0    |    0    |    18   |
|----------|-------------------------|---------|---------|---------|
|          |    a_read_read_fu_122   |    0    |    0    |    0    |
|   read   |  size_read_read_fu_128  |    0    |    0    |    0    |
|          |     tmp_read_fu_142     |    0    |    0    |    0    |
|          |    tmp_1_read_fu_148    |    0    |    0    |    0    |
|----------|-------------------------|---------|---------|---------|
|   write  | write_ln60_write_fu_134 |    0    |    0    |    0    |
|          | write_ln28_write_fu_154 |    0    |    0    |    0    |
|----------|-------------------------|---------|---------|---------|
|   zext   |   i_0_i_i_cast_fu_180   |    0    |    0    |    0    |
|----------|-------------------------|---------|---------|---------|
|   Total  |                         |    5    |   348   |   767   |
|----------|-------------------------|---------|---------|---------|

Memories:
N/A

* Register list:
+-----------------+--------+
|                 |   FF   |
+-----------------+--------+
|  a_read_reg_195 |   32   |
| add_ln25_reg_209|   31   |
| i_0_i_i_reg_161 |   31   |
|icmp_ln25_reg_205|    1   |
|size_read_reg_200|   32   |
|  tmp_1_reg_219  |   32   |
|tmp_2_i_i_reg_224|   32   |
|  tmp_2_reg_229  |   32   |
|   tmp_reg_214   |   32   |
+-----------------+--------+
|      Total      |   255  |
+-----------------+--------+

* Multiplexer (MUX) list: 
|--------|------|------|------|--------|
|  Comp  |  Pin | Size |  BW  | S x BW |
|--------|------|------|------|--------|
|  Total |      |      |      |    0   |
|--------|------|------|------|--------|



* Summary:
+-----------+--------+--------+--------+
|           | DSP48E |   FF   |   LUT  |
+-----------+--------+--------+--------+
|  Function |    5   |   348  |   767  |
|   Memory  |    -   |    -   |    -   |
|Multiplexer|    -   |    -   |    -   |
|  Register |    -   |   255  |    -   |
+-----------+--------+--------+--------+
|   Total   |    5   |   603  |   767  |
+-----------+--------+--------+--------+
