

================================================================
== Vivado HLS Report for 'krnl_vadd'
================================================================
* Date:           Tue Apr 19 22:13:57 2022

* Version:        2020.1 (Build 2897737 on Wed May 27 20:21:37 MDT 2020)
* Project:        lab5_vadd_dma_azaz
* Solution:       solution1
* Product family: zynq
* Target device:  xc7z020-clg400-1


================================================================
== Performance Estimates
================================================================
+ Timing: 
    * Summary: 
    +--------+----------+----------+------------+
    |  Clock |  Target  | Estimated| Uncertainty|
    +--------+----------+----------+------------+
    |ap_clk  | 10.00 ns | 7.268 ns |   1.25 ns  |
    +--------+----------+----------+------------+

+ Latency: 
    * Summary: 
    +---------+---------+-----------+-----------+------+------+----------+
    |  Latency (cycles) |   Latency (absolute)  |   Interval  | Pipeline |
    |   min   |   max   |    min    |    max    |  min |  max |   Type   |
    +---------+---------+-----------+-----------+------+------+----------+
    |     4112|     4112| 41.120 us | 41.120 us |  4109|  4109| dataflow |
    +---------+---------+-----------+-----------+------+------+----------+

    + Detail: 
        * Instance: 
        N/A

        * Loop: 
        N/A

============================================================
+ Verbose Summary: Synthesis Manager
============================================================
InlineROM: 1
ExposeGlobal: 0
============================================================
+ Verbose Summary: CDFG Model
============================================================
IsTopModel: 1
ResetActiveHigh: 1
IsCombinational: 2
IsDatapathOnly: 0
HasWiredReturn: 1
HasMFsm: 0
HasVarLatency: 1
IsPipeline: 0
IsRtlPipelined: 0
IsInstanceOverlapped: 0
IsDontTouch: 0
HasImplIP: 0
IsGatedGlobalClock: 0


============================================================
+ Verbose Summary: Schedule
============================================================
* Number of FSM states : 8
* Pipeline : 0
* Dataflow Pipeline: 1
  DF-Pipeline-0: Size = 8, States = { 1 2 3 4 5 6 7 8 }

* FSM state transitions: 
1 --> 2 
2 --> 3 
3 --> 4 
4 --> 5 
5 --> 6 
6 --> 7 
7 --> 8 
8 --> 

* FSM state operations: 

State 1 <SV = 0> <Delay = 4.63>
ST_1 : Operation 9 [1/1] (1.00ns)   --->   "%size_read = call i32 @_ssdm_op_Read.s_axilite.i32(i32 %size)" [lab5_vadd_dma_azaz/vadd_dma.cpp:60]   --->   Operation 9 'read' 'size_read' <Predicate = true> <Delay = 1.00> <Core = "s_axilite">   --->   Core 10 's_axilite' <Latency = 0> <II = 1> <Delay = 1.00> <Adapter> <Opcode : 'read' 'write'>
ST_1 : Operation 10 [1/1] (1.00ns)   --->   "%a_read = call float @_ssdm_op_Read.s_axilite.float(float %a)" [lab5_vadd_dma_azaz/vadd_dma.cpp:60]   --->   Operation 10 'read' 'a_read' <Predicate = true> <Delay = 1.00> <Core = "s_axilite">   --->   Core 10 's_axilite' <Latency = 0> <II = 1> <Delay = 1.00> <Adapter> <Opcode : 'read' 'write'>
ST_1 : Operation 11 [1/1] (0.00ns)   --->   "%size_c11 = alloca i32, align 4" [lab5_vadd_dma_azaz/vadd_dma.cpp:60]   --->   Operation 11 'alloca' 'size_c11' <Predicate = true> <Delay = 0.00> <Core = "FIFO">   --->   Core 32 'FIFO' <Latency = 0> <II = 1> <Delay = 3.63> <Storage> <Opcode : 'read' 'write' 'nbread' 'nbwrite'> <Ports = 0> <Width = 32> <Depth = 2> <FIFO>
ST_1 : Operation 12 [1/1] (0.00ns)   --->   "%size_c10 = alloca i32, align 4" [lab5_vadd_dma_azaz/vadd_dma.cpp:60]   --->   Operation 12 'alloca' 'size_c10' <Predicate = true> <Delay = 0.00> <Core = "FIFO">   --->   Core 32 'FIFO' <Latency = 0> <II = 1> <Delay = 3.63> <Storage> <Opcode : 'read' 'write' 'nbread' 'nbwrite'> <Ports = 0> <Width = 32> <Depth = 2> <FIFO>
ST_1 : Operation 13 [1/1] (0.00ns)   --->   "%size_c9 = alloca i32, align 4" [lab5_vadd_dma_azaz/vadd_dma.cpp:60]   --->   Operation 13 'alloca' 'size_c9' <Predicate = true> <Delay = 0.00> <Core = "FIFO">   --->   Core 32 'FIFO' <Latency = 0> <II = 1> <Delay = 3.63> <Storage> <Opcode : 'read' 'write' 'nbread' 'nbwrite'> <Ports = 0> <Width = 32> <Depth = 2> <FIFO>
ST_1 : Operation 14 [1/1] (0.00ns)   --->   "%size_c = alloca i32, align 4" [lab5_vadd_dma_azaz/vadd_dma.cpp:60]   --->   Operation 14 'alloca' 'size_c' <Predicate = true> <Delay = 0.00> <Core = "FIFO">   --->   Core 32 'FIFO' <Latency = 0> <II = 1> <Delay = 3.63> <Storage> <Opcode : 'read' 'write' 'nbread' 'nbwrite'> <Ports = 0> <Width = 32> <Depth = 2> <FIFO>
ST_1 : Operation 15 [1/1] (0.00ns)   --->   "%a_c = alloca float, align 4" [lab5_vadd_dma_azaz/vadd_dma.cpp:60]   --->   Operation 15 'alloca' 'a_c' <Predicate = true> <Delay = 0.00> <Core = "FIFO">   --->   Core 32 'FIFO' <Latency = 0> <II = 1> <Delay = 3.63> <Storage> <Opcode : 'read' 'write' 'nbread' 'nbwrite'> <Ports = 0> <Width = 32> <Depth = 2> <FIFO>
ST_1 : Operation 16 [1/1] (3.63ns)   --->   "call fastcc void @krnl_vadd.entry42(float %a_read, i32 %size_read, float* %a_c, i32* %size_c, i32* %size_c9)" [lab5_vadd_dma_azaz/vadd_dma.cpp:75]   --->   Operation 16 'call' <Predicate = true> <Delay = 3.63> <CoreType = "Generic">   --->   Core 0 '' <Latency = 0> <II = 1> <Delay = 1.00> <Generic> <Opcode : >

State 2 <SV = 1> <Delay = 0.00>
ST_2 : Operation 17 [2/2] (0.00ns)   --->   "call fastcc void @load_input20(i32* %in1_data_V, i4* %in1_keep_V, i4* %in1_strb_V, i4* %in1_user_V, i1* %in1_last_V, i5* %in1_id_V, i5* %in1_dest_V, i32* nocapture %size_c, i32* %size_c10)" [lab5_vadd_dma_azaz/vadd_dma.cpp:77]   --->   Operation 17 'call' <Predicate = true> <Delay = 0.00> <CoreType = "Generic">   --->   Core 0 '' <Latency = 0> <II = 1> <Delay = 1.00> <Generic> <Opcode : >
ST_2 : Operation 18 [2/2] (0.00ns)   --->   "call fastcc void @load_input(i32* %in2_data_V, i4* %in2_keep_V, i4* %in2_strb_V, i4* %in2_user_V, i1* %in2_last_V, i5* %in2_id_V, i5* %in2_dest_V, i32* nocapture %size_c9)" [lab5_vadd_dma_azaz/vadd_dma.cpp:78]   --->   Operation 18 'call' <Predicate = true> <Delay = 0.00> <CoreType = "Generic">   --->   Core 0 '' <Latency = 0> <II = 1> <Delay = 1.00> <Generic> <Opcode : >

State 3 <SV = 2> <Delay = 0.00>
ST_3 : Operation 19 [1/2] (0.00ns)   --->   "call fastcc void @load_input20(i32* %in1_data_V, i4* %in1_keep_V, i4* %in1_strb_V, i4* %in1_user_V, i1* %in1_last_V, i5* %in1_id_V, i5* %in1_dest_V, i32* nocapture %size_c, i32* %size_c10)" [lab5_vadd_dma_azaz/vadd_dma.cpp:77]   --->   Operation 19 'call' <Predicate = true> <Delay = 0.00> <CoreType = "Generic">   --->   Core 0 '' <Latency = 0> <II = 1> <Delay = 1.00> <Generic> <Opcode : >
ST_3 : Operation 20 [1/2] (0.00ns)   --->   "call fastcc void @load_input(i32* %in2_data_V, i4* %in2_keep_V, i4* %in2_strb_V, i4* %in2_user_V, i1* %in2_last_V, i5* %in2_id_V, i5* %in2_dest_V, i32* nocapture %size_c9)" [lab5_vadd_dma_azaz/vadd_dma.cpp:78]   --->   Operation 20 'call' <Predicate = true> <Delay = 0.00> <CoreType = "Generic">   --->   Core 0 '' <Latency = 0> <II = 1> <Delay = 1.00> <Generic> <Opcode : >

State 4 <SV = 3> <Delay = 0.00>
ST_4 : Operation 21 [2/2] (0.00ns)   --->   "call fastcc void @compute_add(float* nocapture %a_c, i32* nocapture %size_c10, i32* %size_c11) nounwind uwtable" [lab5_vadd_dma_azaz/vadd_dma.cpp:79]   --->   Operation 21 'call' <Predicate = true> <Delay = 0.00> <CoreType = "Generic">   --->   Core 0 '' <Latency = 0> <II = 1> <Delay = 1.00> <Generic> <Opcode : >

State 5 <SV = 4> <Delay = 0.00>
ST_5 : Operation 22 [1/2] (0.00ns)   --->   "call fastcc void @compute_add(float* nocapture %a_c, i32* nocapture %size_c10, i32* %size_c11) nounwind uwtable" [lab5_vadd_dma_azaz/vadd_dma.cpp:79]   --->   Operation 22 'call' <Predicate = true> <Delay = 0.00> <CoreType = "Generic">   --->   Core 0 '' <Latency = 0> <II = 1> <Delay = 1.00> <Generic> <Opcode : >

State 6 <SV = 5> <Delay = 0.00>
ST_6 : Operation 23 [2/2] (0.00ns)   --->   "call fastcc void @store_result(i32* %out_data_V, i4* %out_keep_V, i4* %out_strb_V, i4* %out_user_V, i1* %out_last_V, i5* %out_id_V, i5* %out_dest_V, i32* nocapture %size_c11)" [lab5_vadd_dma_azaz/vadd_dma.cpp:80]   --->   Operation 23 'call' <Predicate = true> <Delay = 0.00> <CoreType = "Generic">   --->   Core 0 '' <Latency = 0> <II = 1> <Delay = 1.00> <Generic> <Opcode : >

State 7 <SV = 6> <Delay = 0.00>
ST_7 : Operation 24 [1/2] (0.00ns)   --->   "call fastcc void @store_result(i32* %out_data_V, i4* %out_keep_V, i4* %out_strb_V, i4* %out_user_V, i1* %out_last_V, i5* %out_id_V, i5* %out_dest_V, i32* nocapture %size_c11)" [lab5_vadd_dma_azaz/vadd_dma.cpp:80]   --->   Operation 24 'call' <Predicate = true> <Delay = 0.00> <CoreType = "Generic">   --->   Core 0 '' <Latency = 0> <II = 1> <Delay = 1.00> <Generic> <Opcode : >

State 8 <SV = 7> <Delay = 0.00>
ST_8 : Operation 25 [1/1] (0.00ns)   --->   "call void (...)* @_ssdm_op_SpecDataflowPipeline(i32 -1, i32 0, [1 x i8]* @p_str2) nounwind" [lab5_vadd_dma_azaz/vadd_dma.cpp:75]   --->   Operation 25 'specdataflowpipeline' <Predicate = true> <Delay = 0.00>
ST_8 : Operation 26 [1/1] (0.00ns)   --->   "%empty = call i32 (...)* @_ssdm_op_SpecChannel([13 x i8]* @in1_stream_OC_V_str, i32 1, [1 x i8]* @p_str35, [1 x i8]* @p_str35, i32 2, i32 2, float* @in1_stream_V, float* @in1_stream_V)"   --->   Operation 26 'specchannel' 'empty' <Predicate = true> <Delay = 0.00>
ST_8 : Operation 27 [1/1] (0.00ns)   --->   "call void (...)* @_ssdm_op_SpecInterface(float* @in1_stream_V, [8 x i8]* @ap_fifo_str, i32 0, i32 0, [1 x i8]* @p_str36, i32 0, i32 0, [1 x i8]* @p_str37, [1 x i8]* @p_str38, [1 x i8]* @p_str39, i32 2, i32 2, i32 16, i32 16, [1 x i8]* @p_str40, [1 x i8]* @p_str41)"   --->   Operation 27 'specinterface' <Predicate = true> <Delay = 0.00>
ST_8 : Operation 28 [1/1] (0.00ns)   --->   "%empty_6 = call i32 (...)* @_ssdm_op_SpecChannel([13 x i8]* @in2_stream_OC_V_str, i32 1, [1 x i8]* @p_str28, [1 x i8]* @p_str28, i32 2, i32 2, float* @in2_stream_V, float* @in2_stream_V)"   --->   Operation 28 'specchannel' 'empty_6' <Predicate = true> <Delay = 0.00>
ST_8 : Operation 29 [1/1] (0.00ns)   --->   "call void (...)* @_ssdm_op_SpecInterface(float* @in2_stream_V, [8 x i8]* @ap_fifo_str, i32 0, i32 0, [1 x i8]* @p_str29, i32 0, i32 0, [1 x i8]* @p_str30, [1 x i8]* @p_str31, [1 x i8]* @p_str32, i32 2, i32 2, i32 16, i32 16, [1 x i8]* @p_str33, [1 x i8]* @p_str34)"   --->   Operation 29 'specinterface' <Predicate = true> <Delay = 0.00>
ST_8 : Operation 30 [1/1] (0.00ns)   --->   "%empty_7 = call i32 (...)* @_ssdm_op_SpecChannel([13 x i8]* @out_stream_OC_V_str, i32 1, [1 x i8]* @p_str21, [1 x i8]* @p_str21, i32 2, i32 2, float* @out_stream_V, float* @out_stream_V)"   --->   Operation 30 'specchannel' 'empty_7' <Predicate = true> <Delay = 0.00>
ST_8 : Operation 31 [1/1] (0.00ns)   --->   "call void (...)* @_ssdm_op_SpecInterface(float* @out_stream_V, [8 x i8]* @ap_fifo_str, i32 0, i32 0, [1 x i8]* @p_str22, i32 0, i32 0, [1 x i8]* @p_str23, [1 x i8]* @p_str24, [1 x i8]* @p_str25, i32 2, i32 2, i32 16, i32 16, [1 x i8]* @p_str26, [1 x i8]* @p_str27)"   --->   Operation 31 'specinterface' <Predicate = true> <Delay = 0.00>
ST_8 : Operation 32 [1/1] (0.00ns)   --->   "call void (...)* @_ssdm_op_SpecBitsMap(i32* %in1_data_V), !map !62"   --->   Operation 32 'specbitsmap' <Predicate = true> <Delay = 0.00>
ST_8 : Operation 33 [1/1] (0.00ns)   --->   "call void (...)* @_ssdm_op_SpecBitsMap(i4* %in1_keep_V), !map !68"   --->   Operation 33 'specbitsmap' <Predicate = true> <Delay = 0.00>
ST_8 : Operation 34 [1/1] (0.00ns)   --->   "call void (...)* @_ssdm_op_SpecBitsMap(i4* %in1_strb_V), !map !72"   --->   Operation 34 'specbitsmap' <Predicate = true> <Delay = 0.00>
ST_8 : Operation 35 [1/1] (0.00ns)   --->   "call void (...)* @_ssdm_op_SpecBitsMap(i4* %in1_user_V), !map !76"   --->   Operation 35 'specbitsmap' <Predicate = true> <Delay = 0.00>
ST_8 : Operation 36 [1/1] (0.00ns)   --->   "call void (...)* @_ssdm_op_SpecBitsMap(i1* %in1_last_V), !map !80"   --->   Operation 36 'specbitsmap' <Predicate = true> <Delay = 0.00>
ST_8 : Operation 37 [1/1] (0.00ns)   --->   "call void (...)* @_ssdm_op_SpecBitsMap(i5* %in1_id_V), !map !84"   --->   Operation 37 'specbitsmap' <Predicate = true> <Delay = 0.00>
ST_8 : Operation 38 [1/1] (0.00ns)   --->   "call void (...)* @_ssdm_op_SpecBitsMap(i5* %in1_dest_V), !map !88"   --->   Operation 38 'specbitsmap' <Predicate = true> <Delay = 0.00>
ST_8 : Operation 39 [1/1] (0.00ns)   --->   "call void (...)* @_ssdm_op_SpecBitsMap(i32* %in2_data_V), !map !92"   --->   Operation 39 'specbitsmap' <Predicate = true> <Delay = 0.00>
ST_8 : Operation 40 [1/1] (0.00ns)   --->   "call void (...)* @_ssdm_op_SpecBitsMap(i4* %in2_keep_V), !map !96"   --->   Operation 40 'specbitsmap' <Predicate = true> <Delay = 0.00>
ST_8 : Operation 41 [1/1] (0.00ns)   --->   "call void (...)* @_ssdm_op_SpecBitsMap(i4* %in2_strb_V), !map !100"   --->   Operation 41 'specbitsmap' <Predicate = true> <Delay = 0.00>
ST_8 : Operation 42 [1/1] (0.00ns)   --->   "call void (...)* @_ssdm_op_SpecBitsMap(i4* %in2_user_V), !map !104"   --->   Operation 42 'specbitsmap' <Predicate = true> <Delay = 0.00>
ST_8 : Operation 43 [1/1] (0.00ns)   --->   "call void (...)* @_ssdm_op_SpecBitsMap(i1* %in2_last_V), !map !108"   --->   Operation 43 'specbitsmap' <Predicate = true> <Delay = 0.00>
ST_8 : Operation 44 [1/1] (0.00ns)   --->   "call void (...)* @_ssdm_op_SpecBitsMap(i5* %in2_id_V), !map !112"   --->   Operation 44 'specbitsmap' <Predicate = true> <Delay = 0.00>
ST_8 : Operation 45 [1/1] (0.00ns)   --->   "call void (...)* @_ssdm_op_SpecBitsMap(i5* %in2_dest_V), !map !116"   --->   Operation 45 'specbitsmap' <Predicate = true> <Delay = 0.00>
ST_8 : Operation 46 [1/1] (0.00ns)   --->   "call void (...)* @_ssdm_op_SpecBitsMap(float %a), !map !120"   --->   Operation 46 'specbitsmap' <Predicate = true> <Delay = 0.00>
ST_8 : Operation 47 [1/1] (0.00ns)   --->   "call void (...)* @_ssdm_op_SpecBitsMap(i32* %out_data_V), !map !126"   --->   Operation 47 'specbitsmap' <Predicate = true> <Delay = 0.00>
ST_8 : Operation 48 [1/1] (0.00ns)   --->   "call void (...)* @_ssdm_op_SpecBitsMap(i4* %out_keep_V), !map !130"   --->   Operation 48 'specbitsmap' <Predicate = true> <Delay = 0.00>
ST_8 : Operation 49 [1/1] (0.00ns)   --->   "call void (...)* @_ssdm_op_SpecBitsMap(i4* %out_strb_V), !map !134"   --->   Operation 49 'specbitsmap' <Predicate = true> <Delay = 0.00>
ST_8 : Operation 50 [1/1] (0.00ns)   --->   "call void (...)* @_ssdm_op_SpecBitsMap(i4* %out_user_V), !map !138"   --->   Operation 50 'specbitsmap' <Predicate = true> <Delay = 0.00>
ST_8 : Operation 51 [1/1] (0.00ns)   --->   "call void (...)* @_ssdm_op_SpecBitsMap(i1* %out_last_V), !map !142"   --->   Operation 51 'specbitsmap' <Predicate = true> <Delay = 0.00>
ST_8 : Operation 52 [1/1] (0.00ns)   --->   "call void (...)* @_ssdm_op_SpecBitsMap(i5* %out_id_V), !map !146"   --->   Operation 52 'specbitsmap' <Predicate = true> <Delay = 0.00>
ST_8 : Operation 53 [1/1] (0.00ns)   --->   "call void (...)* @_ssdm_op_SpecBitsMap(i5* %out_dest_V), !map !150"   --->   Operation 53 'specbitsmap' <Predicate = true> <Delay = 0.00>
ST_8 : Operation 54 [1/1] (0.00ns)   --->   "call void (...)* @_ssdm_op_SpecBitsMap(i32 %size), !map !154"   --->   Operation 54 'specbitsmap' <Predicate = true> <Delay = 0.00>
ST_8 : Operation 55 [1/1] (0.00ns)   --->   "call void (...)* @_ssdm_op_SpecTopModule([10 x i8]* @krnl_vadd_str) nounwind"   --->   Operation 55 'spectopmodule' <Predicate = true> <Delay = 0.00>
ST_8 : Operation 56 [1/1] (0.00ns)   --->   "call void (...)* @_ssdm_op_SpecInterface(i32* %in1_data_V, i4* %in1_keep_V, i4* %in1_strb_V, i4* %in1_user_V, i1* %in1_last_V, i5* %in1_id_V, i5* %in1_dest_V, [5 x i8]* @p_str, i32 1, i32 1, [5 x i8]* @p_str1, i32 0, i32 10, [1 x i8]* @p_str2, [1 x i8]* @p_str2, [1 x i8]* @p_str2, i32 0, i32 0, i32 0, i32 0, [1 x i8]* @p_str2, [1 x i8]* @p_str2) nounwind" [lab5_vadd_dma_azaz/vadd_dma.cpp:61]   --->   Operation 56 'specinterface' <Predicate = true> <Delay = 0.00>
ST_8 : Operation 57 [1/1] (0.00ns)   --->   "call void (...)* @_ssdm_op_SpecInterface(i32* %in2_data_V, i4* %in2_keep_V, i4* %in2_strb_V, i4* %in2_user_V, i1* %in2_last_V, i5* %in2_id_V, i5* %in2_dest_V, [5 x i8]* @p_str, i32 1, i32 1, [5 x i8]* @p_str1, i32 0, i32 10, [1 x i8]* @p_str2, [1 x i8]* @p_str2, [1 x i8]* @p_str2, i32 0, i32 0, i32 0, i32 0, [1 x i8]* @p_str2, [1 x i8]* @p_str2) nounwind" [lab5_vadd_dma_azaz/vadd_dma.cpp:62]   --->   Operation 57 'specinterface' <Predicate = true> <Delay = 0.00>
ST_8 : Operation 58 [1/1] (0.00ns)   --->   "call void (...)* @_ssdm_op_SpecInterface(i32* %out_data_V, i4* %out_keep_V, i4* %out_strb_V, i4* %out_user_V, i1* %out_last_V, i5* %out_id_V, i5* %out_dest_V, [5 x i8]* @p_str, i32 1, i32 1, [5 x i8]* @p_str1, i32 0, i32 10, [1 x i8]* @p_str2, [1 x i8]* @p_str2, [1 x i8]* @p_str2, i32 0, i32 0, i32 0, i32 0, [1 x i8]* @p_str2, [1 x i8]* @p_str2) nounwind" [lab5_vadd_dma_azaz/vadd_dma.cpp:63]   --->   Operation 58 'specinterface' <Predicate = true> <Delay = 0.00>
ST_8 : Operation 59 [1/1] (0.00ns)   --->   "call void (...)* @_ssdm_op_SpecInterface(i32 %size, [10 x i8]* @p_str3, i32 0, i32 0, [1 x i8]* @p_str2, i32 0, i32 0, [1 x i8]* @p_str2, [1 x i8]* @p_str2, [1 x i8]* @p_str2, i32 0, i32 0, i32 0, i32 0, [1 x i8]* @p_str2, [1 x i8]* @p_str2) nounwind" [lab5_vadd_dma_azaz/vadd_dma.cpp:64]   --->   Operation 59 'specinterface' <Predicate = true> <Delay = 0.00>
ST_8 : Operation 60 [1/1] (0.00ns)   --->   "call void (...)* @_ssdm_op_SpecInterface(float %a, [10 x i8]* @p_str3, i32 0, i32 0, [1 x i8]* @p_str2, i32 0, i32 0, [1 x i8]* @p_str2, [1 x i8]* @p_str2, [1 x i8]* @p_str2, i32 0, i32 0, i32 0, i32 0, [1 x i8]* @p_str2, [1 x i8]* @p_str2) nounwind" [lab5_vadd_dma_azaz/vadd_dma.cpp:65]   --->   Operation 60 'specinterface' <Predicate = true> <Delay = 0.00>
ST_8 : Operation 61 [1/1] (0.00ns)   --->   "call void (...)* @_ssdm_op_SpecInterface(i32 0, [13 x i8]* @p_str4, i32 0, i32 0, [1 x i8]* @p_str2, i32 0, i32 0, [1 x i8]* @p_str2, [1 x i8]* @p_str2, [1 x i8]* @p_str2, i32 0, i32 0, i32 0, i32 0, [1 x i8]* @p_str2, [1 x i8]* @p_str2) nounwind" [lab5_vadd_dma_azaz/vadd_dma.cpp:66]   --->   Operation 61 'specinterface' <Predicate = true> <Delay = 0.00>
ST_8 : Operation 62 [1/1] (0.00ns)   --->   "%empty_8 = call i32 (...)* @_ssdm_op_SpecChannel([4 x i8]* @a_c_str, i32 1, [1 x i8]* @p_str59, [1 x i8]* @p_str59, i32 3, i32 0, float* %a_c, float* %a_c)" [lab5_vadd_dma_azaz/vadd_dma.cpp:60]   --->   Operation 62 'specchannel' 'empty_8' <Predicate = true> <Delay = 0.00>
ST_8 : Operation 63 [1/1] (0.00ns)   --->   "call void (...)* @_ssdm_op_SpecInterface(float* %a_c, [8 x i8]* @ap_fifo_str, i32 0, i32 0, [1 x i8]* @p_str60, i32 0, i32 0, [1 x i8]* @p_str61, [1 x i8]* @p_str62, [1 x i8]* @p_str63, i32 2, i32 2, i32 16, i32 16, [1 x i8]* @p_str64, [1 x i8]* @p_str65)" [lab5_vadd_dma_azaz/vadd_dma.cpp:60]   --->   Operation 63 'specinterface' <Predicate = true> <Delay = 0.00>
ST_8 : Operation 64 [1/1] (0.00ns)   --->   "%empty_9 = call i32 (...)* @_ssdm_op_SpecChannel([7 x i8]* @size_c_str, i32 1, [1 x i8]* @p_str66, [1 x i8]* @p_str66, i32 2, i32 0, i32* %size_c, i32* %size_c)" [lab5_vadd_dma_azaz/vadd_dma.cpp:60]   --->   Operation 64 'specchannel' 'empty_9' <Predicate = true> <Delay = 0.00>
ST_8 : Operation 65 [1/1] (0.00ns)   --->   "call void (...)* @_ssdm_op_SpecInterface(i32* %size_c, [8 x i8]* @ap_fifo_str, i32 0, i32 0, [1 x i8]* @p_str67, i32 0, i32 0, [1 x i8]* @p_str68, [1 x i8]* @p_str69, [1 x i8]* @p_str70, i32 2, i32 2, i32 16, i32 16, [1 x i8]* @p_str71, [1 x i8]* @p_str72)" [lab5_vadd_dma_azaz/vadd_dma.cpp:60]   --->   Operation 65 'specinterface' <Predicate = true> <Delay = 0.00>
ST_8 : Operation 66 [1/1] (0.00ns)   --->   "%empty_10 = call i32 (...)* @_ssdm_op_SpecChannel([8 x i8]* @size_c9_str, i32 1, [1 x i8]* @p_str73, [1 x i8]* @p_str73, i32 2, i32 0, i32* %size_c9, i32* %size_c9)" [lab5_vadd_dma_azaz/vadd_dma.cpp:60]   --->   Operation 66 'specchannel' 'empty_10' <Predicate = true> <Delay = 0.00>
ST_8 : Operation 67 [1/1] (0.00ns)   --->   "call void (...)* @_ssdm_op_SpecInterface(i32* %size_c9, [8 x i8]* @ap_fifo_str, i32 0, i32 0, [1 x i8]* @p_str74, i32 0, i32 0, [1 x i8]* @p_str75, [1 x i8]* @p_str76, [1 x i8]* @p_str77, i32 2, i32 2, i32 16, i32 16, [1 x i8]* @p_str78, [1 x i8]* @p_str79)" [lab5_vadd_dma_azaz/vadd_dma.cpp:60]   --->   Operation 67 'specinterface' <Predicate = true> <Delay = 0.00>
ST_8 : Operation 68 [1/1] (0.00ns)   --->   "%empty_11 = call i32 (...)* @_ssdm_op_SpecChannel([9 x i8]* @size_c10_str, i32 1, [1 x i8]* @p_str91, [1 x i8]* @p_str91, i32 2, i32 0, i32* %size_c10, i32* %size_c10)" [lab5_vadd_dma_azaz/vadd_dma.cpp:60]   --->   Operation 68 'specchannel' 'empty_11' <Predicate = true> <Delay = 0.00>
ST_8 : Operation 69 [1/1] (0.00ns)   --->   "call void (...)* @_ssdm_op_SpecInterface(i32* %size_c10, [8 x i8]* @ap_fifo_str, i32 0, i32 0, [1 x i8]* @p_str92, i32 0, i32 0, [1 x i8]* @p_str93, [1 x i8]* @p_str94, [1 x i8]* @p_str95, i32 2, i32 2, i32 16, i32 16, [1 x i8]* @p_str96, [1 x i8]* @p_str97)" [lab5_vadd_dma_azaz/vadd_dma.cpp:60]   --->   Operation 69 'specinterface' <Predicate = true> <Delay = 0.00>
ST_8 : Operation 70 [1/1] (0.00ns)   --->   "%empty_12 = call i32 (...)* @_ssdm_op_SpecChannel([9 x i8]* @size_c11_str, i32 1, [1 x i8]* @p_str120, [1 x i8]* @p_str120, i32 2, i32 0, i32* %size_c11, i32* %size_c11)" [lab5_vadd_dma_azaz/vadd_dma.cpp:60]   --->   Operation 70 'specchannel' 'empty_12' <Predicate = true> <Delay = 0.00>
ST_8 : Operation 71 [1/1] (0.00ns)   --->   "call void (...)* @_ssdm_op_SpecInterface(i32* %size_c11, [8 x i8]* @ap_fifo_str, i32 0, i32 0, [1 x i8]* @p_str121, i32 0, i32 0, [1 x i8]* @p_str122, [1 x i8]* @p_str123, [1 x i8]* @p_str124, i32 2, i32 2, i32 16, i32 16, [1 x i8]* @p_str125, [1 x i8]* @p_str126)" [lab5_vadd_dma_azaz/vadd_dma.cpp:60]   --->   Operation 71 'specinterface' <Predicate = true> <Delay = 0.00>
ST_8 : Operation 72 [1/1] (0.00ns)   --->   "ret void" [lab5_vadd_dma_azaz/vadd_dma.cpp:81]   --->   Operation 72 'ret' <Predicate = true> <Delay = 0.00>


============================================================
+ Verbose Summary: Timing violations
============================================================
Target clock period: 10ns, clock uncertainty: 1.25ns.

 <State 1>: 4.63ns
The critical path consists of the following:
	s_axi read on port 'size' (lab5_vadd_dma_azaz/vadd_dma.cpp:60) [28]  (1 ns)
	'call' operation ('call_ln75', lab5_vadd_dma_azaz/vadd_dma.cpp:75) to 'krnl_vadd.entry42' [78]  (3.63 ns)

 <State 2>: 0ns
The critical path consists of the following:

 <State 3>: 0ns
The critical path consists of the following:

 <State 4>: 0ns
The critical path consists of the following:

 <State 5>: 0ns
The critical path consists of the following:

 <State 6>: 0ns
The critical path consists of the following:

 <State 7>: 0ns
The critical path consists of the following:

 <State 8>: 0ns
The critical path consists of the following:


============================================================
+ Verbose Summary: Binding
============================================================
N/A
* FSMD analyzer results:
  - Output states:
 - Input state : 
  - Chain level:
	State 1
	State 2
	State 3
	State 4
	State 5
	State 6
	State 7
	State 8


============================================================
+ Verbose Summary: Datapath Resource usage 
============================================================
N/A
